c:\users\edwin\dropbox (gatech)\batchpasr\iem\iem_windows\iem_windows\debug\iem_windows.pch
c:\users\edwin\dropbox (gatech)\batchpasr\iem\iem_windows\iem_windows\debug\vc141.pdb
c:\users\edwin\dropbox (gatech)\batchpasr\iem\iem_windows\iem_windows\debug\vc141.idb
c:\users\edwin\dropbox (gatech)\batchpasr\iem\iem_windows\iem_windows\debug\stdafx.obj
c:\users\edwin\dropbox (gatech)\batchpasr\iem\iem_windows\iem_windows\debug\iem_windows.obj
c:\users\edwin\dropbox (gatech)\batchpasr\iem\iem_windows\debug\iem_windows.pdb
c:\users\edwin\dropbox (gatech)\batchpasr\iem\iem_windows\iem_windows\debug\iem_windows.tlog\cl.command.1.tlog
c:\users\edwin\dropbox (gatech)\batchpasr\iem\iem_windows\iem_windows\debug\iem_windows.tlog\cl.read.1.tlog
c:\users\edwin\dropbox (gatech)\batchpasr\iem\iem_windows\iem_windows\debug\iem_windows.tlog\cl.write.1.tlog
c:\users\edwin\dropbox (gatech)\batchpasr\iem\iem_windows\iem_windows\debug\iem_windows.tlog\link-cvtres.read.1.tlog
c:\users\edwin\dropbox (gatech)\batchpasr\iem\iem_windows\iem_windows\debug\iem_windows.tlog\link-cvtres.write.1.tlog
c:\users\edwin\dropbox (gatech)\batchpasr\iem\iem_windows\iem_windows\debug\iem_windows.tlog\link-rc.read.1.tlog
c:\users\edwin\dropbox (gatech)\batchpasr\iem\iem_windows\iem_windows\debug\iem_windows.tlog\link-rc.write.1.tlog
c:\users\edwin\dropbox (gatech)\batchpasr\iem\iem_windows\iem_windows\debug\iem_windows.tlog\link.18336-cvtres.read.1.tlog
c:\users\edwin\dropbox (gatech)\batchpasr\iem\iem_windows\iem_windows\debug\iem_windows.tlog\link.18336-cvtres.write.1.tlog
c:\users\edwin\dropbox (gatech)\batchpasr\iem\iem_windows\iem_windows\debug\iem_windows.tlog\link.18336-rc.read.1.tlog
c:\users\edwin\dropbox (gatech)\batchpasr\iem\iem_windows\iem_windows\debug\iem_windows.tlog\link.18336-rc.write.1.tlog
c:\users\edwin\dropbox (gatech)\batchpasr\iem\iem_windows\iem_windows\debug\iem_windows.tlog\link.18336.read.1.tlog
c:\users\edwin\dropbox (gatech)\batchpasr\iem\iem_windows\iem_windows\debug\iem_windows.tlog\link.18336.write.1.tlog
c:\users\edwin\dropbox (gatech)\batchpasr\iem\iem_windows\iem_windows\debug\iem_windows.tlog\link.command.1.tlog
c:\users\edwin\dropbox (gatech)\batchpasr\iem\iem_windows\iem_windows\debug\iem_windows.tlog\link.read.1.tlog
c:\users\edwin\dropbox (gatech)\batchpasr\iem\iem_windows\iem_windows\debug\iem_windows.tlog\link.write.1.tlog
