  IEM_Windows.cpp
  Info: Boost.Config is older than your compiler version - probably nothing bad will happen - but you may wish to look for an update Boost version.  Define BOOST_CONFIG_SUPPRESS_OUTDATED_MESSAGE to suppress this message.
IEM_Windows.obj : error LNK2019: unresolved external symbol "public: virtual __thiscall fmt::FormatError::~FormatError(void)" (??1FormatError@fmt@@UAE@XZ) referenced in function "public: virtual void * __thiscall fmt::FormatError::`scalar deleting destructor'(unsigned int)" (??_GFormatError@fmt@@UAEPAXI@Z)
IEM_Windows.obj : error LNK2019: unresolved external symbol "void __cdecl fmt::internal::report_unknown_type(char,char const *)" (?report_unknown_type@internal@fmt@@YAXDPBD@Z) referenced in function "private: void __thiscall fmt::BasicWriter<char>::write_double<double>(double,struct fmt::FormatSpec const &)" (??$write_double@N@?$BasicWriter@D@fmt@@AAEXNABUFormatSpec@1@@Z)
IEM_Windows.obj : error LNK2019: unresolved external symbol "private: struct fmt::internal::Arg __thiscall fmt::internal::FormatterBase::do_get_arg(unsigned int,char const * &)" (?do_get_arg@FormatterBase@internal@fmt@@AAE?AUArg@23@IAAPBD@Z) referenced in function "protected: struct fmt::internal::Arg __thiscall fmt::internal::FormatterBase::get_arg(unsigned int,char const * &)" (?get_arg@FormatterBase@internal@fmt@@IAE?AUArg@23@IAAPBD@Z)
IEM_Windows.obj : error LNK2019: unresolved external symbol "public: void __thiscall fmt::internal::ArgMap<char>::init(class fmt::ArgList const &)" (?init@?$ArgMap@D@internal@fmt@@QAEXABVArgList@3@@Z) referenced in function "private: struct fmt::internal::Arg __thiscall fmt::BasicFormatter<char,class fmt::ArgFormatter<char> >::get_arg(class fmt::BasicStringRef<char>,char const * &)" (?get_arg@?$BasicFormatter@DV?$ArgFormatter@D@fmt@@@fmt@@AAE?AUArg@internal@2@V?$BasicStringRef@D@2@AAPBD@Z)
IEM_Windows.obj : error LNK2001: unresolved external symbol "public: virtual char const * __thiscall Cantera::CanteraError::what(void)const " (?what@CanteraError@Cantera@@UBEPBDXZ)
IEM_Windows.obj : error LNK2001: unresolved external symbol "public: virtual class std::basic_string<char,struct std::char_traits<char>,class std::allocator<char> > __thiscall Cantera::CanteraError::getMessage(void)const " (?getMessage@CanteraError@Cantera@@UBE?AV?$basic_string@DU?$char_traits@D@std@@V?$allocator@D@2@@std@@XZ)
IEM_Windows.obj : error LNK2001: unresolved external symbol "public: virtual void __thiscall Cantera::Phase::setMoleFractions(double const * const)" (?setMoleFractions@Phase@Cantera@@UAEXQBN@Z)
IEM_Windows.obj : error LNK2001: unresolved external symbol "public: virtual void __thiscall Cantera::Phase::setMoleFractions_NoNorm(double const * const)" (?setMoleFractions_NoNorm@Phase@Cantera@@UAEXQBN@Z)
IEM_Windows.obj : error LNK2001: unresolved external symbol "public: virtual void __thiscall Cantera::Phase::setMassFractions(double const * const)" (?setMassFractions@Phase@Cantera@@UAEXQBN@Z)
IEM_Windows.obj : error LNK2001: unresolved external symbol "public: virtual void __thiscall Cantera::Phase::setMassFractions_NoNorm(double const * const)" (?setMassFractions_NoNorm@Phase@Cantera@@UAEXQBN@Z)
IEM_Windows.obj : error LNK2019: unresolved external symbol "public: void __thiscall Cantera::Phase::getConcentrations(double * const)const " (?getConcentrations@Phase@Cantera@@QBEXQAN@Z) referenced in function "public: virtual void __thiscall Cantera::IdealGasPhase::getActivityConcentrations(double *)const " (?getActivityConcentrations@IdealGasPhase@Cantera@@UBEXPAN@Z)
IEM_Windows.obj : error LNK2001: unresolved external symbol "public: virtual void __thiscall Cantera::Phase::setConcentrations(double const * const)" (?setConcentrations@Phase@Cantera@@UAEXQBN@Z)
IEM_Windows.obj : error LNK2001: unresolved external symbol "public: virtual void __thiscall Cantera::Phase::setConcentrationsNoNorm(double const * const)" (?setConcentrationsNoNorm@Phase@Cantera@@UAEXQBN@Z)
IEM_Windows.obj : error LNK2019: unresolved external symbol "public: double __thiscall Cantera::Phase::molarDensity(void)const " (?molarDensity@Phase@Cantera@@QBENXZ) referenced in function "public: virtual double __thiscall Cantera::IdealGasPhase::pressure(void)const " (?pressure@IdealGasPhase@Cantera@@UBENXZ)
IEM_Windows.obj : error LNK2019: unresolved external symbol "public: double __thiscall Cantera::Phase::molarVolume(void)const " (?molarVolume@Phase@Cantera@@QBENXZ) referenced in function "public: virtual double __thiscall Cantera::ThermoPhase::intEnergy_mole(void)const " (?intEnergy_mole@ThermoPhase@Cantera@@UBENXZ)
IEM_Windows.obj : error LNK2001: unresolved external symbol "public: virtual void __thiscall Cantera::Phase::setMolarDensity(double)" (?setMolarDensity@Phase@Cantera@@UAEXN@Z)
IEM_Windows.obj : error LNK2019: unresolved external symbol "public: double __thiscall Cantera::Phase::mean_X(class std::vector<double,class std::allocator<double> > const &)const " (?mean_X@Phase@Cantera@@QBENABV?$vector@NV?$allocator@N@std@@@std@@@Z) referenced in function "public: virtual double __thiscall Cantera::IdealGasPhase::enthalpy_mole(void)const " (?enthalpy_mole@IdealGasPhase@Cantera@@UBENXZ)
IEM_Windows.obj : error LNK2001: unresolved external symbol "protected: virtual void __thiscall Cantera::Phase::compositionChanged(void)" (?compositionChanged@Phase@Cantera@@MAEXXZ)
IEM_Windows.obj : error LNK2019: unresolved external symbol "void __cdecl Cantera::warn_deprecated(class std::basic_string<char,struct std::char_traits<char>,class std::allocator<char> > const &,class std::basic_string<char,struct std::char_traits<char>,class std::allocator<char> > const &)" (?warn_deprecated@Cantera@@YAXABV?$basic_string@DU?$char_traits@D@std@@V?$allocator@D@2@@std@@0@Z) referenced in function "public: virtual int __thiscall Cantera::IdealGasPhase::eosType(void)const " (?eosType@IdealGasPhase@Cantera@@UBEHXZ)
IEM_Windows.obj : error LNK2019: unresolved external symbol "class Cantera::XML_Node * __cdecl Cantera::get_XML_File(class std::basic_string<char,struct std::char_traits<char>,class std::allocator<char> > const &,int)" (?get_XML_File@Cantera@@YAPAVXML_Node@1@ABV?$basic_string@DU?$char_traits@D@std@@V?$allocator@D@2@@std@@H@Z) referenced in function "public: __thiscall Cantera::IdealGasMix::IdealGasMix(class std::basic_string<char,struct std::char_traits<char>,class std::allocator<char> > const &,class std::basic_string<char,struct std::char_traits<char>,class std::allocator<char> >)" (??0IdealGasMix@Cantera@@QAE@ABV?$basic_string@DU?$char_traits@D@std@@V?$allocator@D@2@@std@@V23@@Z)
IEM_Windows.obj : error LNK2019: unresolved external symbol "public: virtual __thiscall Cantera::ThermoPhase::~ThermoPhase(void)" (??1ThermoPhase@Cantera@@UAE@XZ) referenced in function "public: virtual __thiscall Cantera::IdealGasPhase::~IdealGasPhase(void)" (??1IdealGasPhase@Cantera@@UAE@XZ)
IEM_Windows.obj : error LNK2001: unresolved external symbol "public: virtual void __thiscall Cantera::ThermoPhase::resetHf298(unsigned int)" (?resetHf298@ThermoPhase@Cantera@@UAEXI@Z)
IEM_Windows.obj : error LNK2001: unresolved external symbol "public: virtual int __thiscall Cantera::ThermoPhase::activityConvention(void)const " (?activityConvention@ThermoPhase@Cantera@@UBEHXZ)
IEM_Windows.obj : error LNK2001: unresolved external symbol "public: virtual int __thiscall Cantera::ThermoPhase::standardStateConvention(void)const " (?standardStateConvention@ThermoPhase@Cantera@@UBEHXZ)
IEM_Windows.obj : error LNK2001: unresolved external symbol "public: virtual double __thiscall Cantera::ThermoPhase::logStandardConc(unsigned int)const " (?logStandardConc@ThermoPhase@Cantera@@UBENI@Z)
IEM_Windows.obj : error LNK2001: unresolved external symbol "public: virtual void __thiscall Cantera::ThermoPhase::getActivities(double *)const " (?getActivities@ThermoPhase@Cantera@@UBEXPAN@Z)
IEM_Windows.obj : error LNK2001: unresolved external symbol "public: virtual void __thiscall Cantera::ThermoPhase::getLnActivityCoefficients(double *)const " (?getLnActivityCoefficients@ThermoPhase@Cantera@@UBEXPAN@Z)
IEM_Windows.obj : error LNK2001: unresolved external symbol "public: virtual void __thiscall Cantera::ThermoPhase::setReferenceComposition(double const * const)" (?setReferenceComposition@ThermoPhase@Cantera@@UAEXQBN@Z)
IEM_Windows.obj : error LNK2001: unresolved external symbol "public: virtual void __thiscall Cantera::ThermoPhase::getReferenceComposition(double * const)const " (?getReferenceComposition@ThermoPhase@Cantera@@UBEXQAN@Z)
IEM_Windows.obj : error LNK2001: unresolved external symbol "public: virtual void __thiscall Cantera::ThermoPhase::setState_TPX(double,double,double const *)" (?setState_TPX@ThermoPhase@Cantera@@UAEXNNPBN@Z)
IEM_Windows.obj : error LNK2001: unresolved external symbol "public: virtual void __thiscall Cantera::ThermoPhase::setState_TPX(double,double,class std::map<class std::basic_string<char,struct std::char_traits<char>,class std::allocator<char> >,double,struct std::less<class std::basic_string<char,struct std::char_traits<char>,class std::allocator<char> > >,class std::allocator<struct std::pair<class std::basic_string<char,struct std::char_traits<char>,class std::allocator<char> > const ,double> > > const &)" (?setState_TPX@ThermoPhase@Cantera@@UAEXNNABV?$map@V?$basic_string@DU?$char_traits@D@std@@V?$allocator@D@2@@std@@NU?$less@V?$basic_string@DU?$char_traits@D@std@@V?$allocator@D@2@@std@@@2@V?$allocator@U?$pair@$$CBV?$basic_string@DU?$char_traits@D@std@@V?$allocator@D@2@@std@@N@std@@@2@@std@@@Z)
IEM_Windows.obj : error LNK2001: unresolved external symbol "public: virtual void __thiscall Cantera::ThermoPhase::setState_TPX(double,double,class std::basic_string<char,struct std::char_traits<char>,class std::allocator<char> > const &)" (?setState_TPX@ThermoPhase@Cantera@@UAEXNNABV?$basic_string@DU?$char_traits@D@std@@V?$allocator@D@2@@std@@@Z)
IEM_Windows.obj : error LNK2001: unresolved external symbol "public: virtual void __thiscall Cantera::ThermoPhase::setState_TPY(double,double,double const *)" (?setState_TPY@ThermoPhase@Cantera@@UAEXNNPBN@Z)
IEM_Windows.obj : error LNK2001: unresolved external symbol "public: virtual void __thiscall Cantera::ThermoPhase::setState_TPY(double,double,class std::map<class std::basic_string<char,struct std::char_traits<char>,class std::allocator<char> >,double,struct std::less<class std::basic_string<char,struct std::char_traits<char>,class std::allocator<char> > >,class std::allocator<struct std::pair<class std::basic_string<char,struct std::char_traits<char>,class std::allocator<char> > const ,double> > > const &)" (?setState_TPY@ThermoPhase@Cantera@@UAEXNNABV?$map@V?$basic_string@DU?$char_traits@D@std@@V?$allocator@D@2@@std@@NU?$less@V?$basic_string@DU?$char_traits@D@std@@V?$allocator@D@2@@std@@@2@V?$allocator@U?$pair@$$CBV?$basic_string@DU?$char_traits@D@std@@V?$allocator@D@2@@std@@N@std@@@2@@std@@@Z)
IEM_Windows.obj : error LNK2001: unresolved external symbol "public: virtual void __thiscall Cantera::ThermoPhase::setState_TPY(double,double,class std::basic_string<char,struct std::char_traits<char>,class std::allocator<char> > const &)" (?setState_TPY@ThermoPhase@Cantera@@UAEXNNABV?$basic_string@DU?$char_traits@D@std@@V?$allocator@D@2@@std@@@Z)
IEM_Windows.obj : error LNK2001: unresolved external symbol "public: virtual void __thiscall Cantera::ThermoPhase::setState_TP(double,double)" (?setState_TP@ThermoPhase@Cantera@@UAEXNN@Z)
IEM_Windows.obj : error LNK2001: unresolved external symbol "public: virtual void __thiscall Cantera::ThermoPhase::setState_PX(double,double *)" (?setState_PX@ThermoPhase@Cantera@@UAEXNPAN@Z)
IEM_Windows.obj : error LNK2001: unresolved external symbol "public: virtual void __thiscall Cantera::ThermoPhase::setState_PY(double,double *)" (?setState_PY@ThermoPhase@Cantera@@UAEXNPAN@Z)
IEM_Windows.obj : error LNK2001: unresolved external symbol "public: virtual void __thiscall Cantera::ThermoPhase::setState_HP(double,double,double)" (?setState_HP@ThermoPhase@Cantera@@UAEXNNN@Z)
IEM_Windows.obj : error LNK2001: unresolved external symbol "public: virtual void __thiscall Cantera::ThermoPhase::setState_UV(double,double,double)" (?setState_UV@ThermoPhase@Cantera@@UAEXNNN@Z)
IEM_Windows.obj : error LNK2001: unresolved external symbol "public: virtual void __thiscall Cantera::ThermoPhase::setState_SP(double,double,double)" (?setState_SP@ThermoPhase@Cantera@@UAEXNNN@Z)
IEM_Windows.obj : error LNK2001: unresolved external symbol "public: virtual void __thiscall Cantera::ThermoPhase::setState_SV(double,double,double)" (?setState_SV@ThermoPhase@Cantera@@UAEXNNN@Z)
IEM_Windows.obj : error LNK2001: unresolved external symbol "public: virtual void __thiscall Cantera::ThermoPhase::setState_RPX(double,double,double const *)" (?setState_RPX@ThermoPhase@Cantera@@UAEXNNPBN@Z)
IEM_Windows.obj : error LNK2001: unresolved external symbol "public: virtual void __thiscall Cantera::ThermoPhase::setState_RPX(double,double,class std::map<class std::basic_string<char,struct std::char_traits<char>,class std::allocator<char> >,double,struct std::less<class std::basic_string<char,struct std::char_traits<char>,class std::allocator<char> > >,class std::allocator<struct std::pair<class std::basic_string<char,struct std::char_traits<char>,class std::allocator<char> > const ,double> > > const &)" (?setState_RPX@ThermoPhase@Cantera@@UAEXNNABV?$map@V?$basic_string@DU?$char_traits@D@std@@V?$allocator@D@2@@std@@NU?$less@V?$basic_string@DU?$char_traits@D@std@@V?$allocator@D@2@@std@@@2@V?$allocator@U?$pair@$$CBV?$basic_string@DU?$char_traits@D@std@@V?$allocator@D@2@@std@@N@std@@@2@@std@@@Z)
IEM_Windows.obj : error LNK2001: unresolved external symbol "public: virtual void __thiscall Cantera::ThermoPhase::setState_RPX(double,double,class std::basic_string<char,struct std::char_traits<char>,class std::allocator<char> > const &)" (?setState_RPX@ThermoPhase@Cantera@@UAEXNNABV?$basic_string@DU?$char_traits@D@std@@V?$allocator@D@2@@std@@@Z)
IEM_Windows.obj : error LNK2001: unresolved external symbol "public: virtual void __thiscall Cantera::ThermoPhase::setState_RPY(double,double,double const *)" (?setState_RPY@ThermoPhase@Cantera@@UAEXNNPBN@Z)
IEM_Windows.obj : error LNK2001: unresolved external symbol "public: virtual void __thiscall Cantera::ThermoPhase::setState_RPY(double,double,class std::map<class std::basic_string<char,struct std::char_traits<char>,class std::allocator<char> >,double,struct std::less<class std::basic_string<char,struct std::char_traits<char>,class std::allocator<char> > >,class std::allocator<struct std::pair<class std::basic_string<char,struct std::char_traits<char>,class std::allocator<char> > const ,double> > > const &)" (?setState_RPY@ThermoPhase@Cantera@@UAEXNNABV?$map@V?$basic_string@DU?$char_traits@D@std@@V?$allocator@D@2@@std@@NU?$less@V?$basic_string@DU?$char_traits@D@std@@V?$allocator@D@2@@std@@@2@V?$allocator@U?$pair@$$CBV?$basic_string@DU?$char_traits@D@std@@V?$allocator@D@2@@std@@N@std@@@2@@std@@@Z)
IEM_Windows.obj : error LNK2001: unresolved external symbol "public: virtual void __thiscall Cantera::ThermoPhase::setState_RPY(double,double,class std::basic_string<char,struct std::char_traits<char>,class std::allocator<char> > const &)" (?setState_RPY@ThermoPhase@Cantera@@UAEXNNABV?$basic_string@DU?$char_traits@D@std@@V?$allocator@D@2@@std@@@Z)
IEM_Windows.obj : error LNK2001: unresolved external symbol "public: virtual void __thiscall Cantera::ThermoPhase::modifySpecies(unsigned int,class std::shared_ptr<class Cantera::Species>)" (?modifySpecies@ThermoPhase@Cantera@@UAEXIV?$shared_ptr@VSpecies@Cantera@@@std@@@Z)
IEM_Windows.obj : error LNK2001: unresolved external symbol "public: virtual class Cantera::MultiSpeciesThermo & __thiscall Cantera::ThermoPhase::speciesThermo(int)" (?speciesThermo@ThermoPhase@Cantera@@UAEAAVMultiSpeciesThermo@2@H@Z)
IEM_Windows.obj : error LNK2001: unresolved external symbol "public: virtual void __thiscall Cantera::ThermoPhase::initThermoFile(class std::basic_string<char,struct std::char_traits<char>,class std::allocator<char> > const &,class std::basic_string<char,struct std::char_traits<char>,class std::allocator<char> > const &)" (?initThermoFile@ThermoPhase@Cantera@@UAEXABV?$basic_string@DU?$char_traits@D@std@@V?$allocator@D@2@@std@@0@Z)
IEM_Windows.obj : error LNK2001: unresolved external symbol "public: virtual void __thiscall Cantera::ThermoPhase::initThermoXML(class Cantera::XML_Node &,class std::basic_string<char,struct std::char_traits<char>,class std::allocator<char> > const &)" (?initThermoXML@ThermoPhase@Cantera@@UAEXAAVXML_Node@2@ABV?$basic_string@DU?$char_traits@D@std@@V?$allocator@D@2@@std@@@Z)
IEM_Windows.obj : error LNK2001: unresolved external symbol "public: virtual void __thiscall Cantera::ThermoPhase::initThermo(void)" (?initThermo@ThermoPhase@Cantera@@UAEXXZ)
IEM_Windows.obj : error LNK2001: unresolved external symbol "public: virtual void __thiscall Cantera::ThermoPhase::installSlavePhases(class Cantera::XML_Node *)" (?installSlavePhases@ThermoPhase@Cantera@@UAEXPAVXML_Node@2@@Z)
IEM_Windows.obj : error LNK2001: unresolved external symbol "public: virtual void __thiscall Cantera::ThermoPhase::setStateFromXML(class Cantera::XML_Node const &)" (?setStateFromXML@ThermoPhase@Cantera@@UAEXABVXML_Node@2@@Z)
IEM_Windows.obj : error LNK2001: unresolved external symbol "public: virtual void __thiscall Cantera::ThermoPhase::invalidateCache(void)" (?invalidateCache@ThermoPhase@Cantera@@UAEXXZ)
IEM_Windows.obj : error LNK2001: unresolved external symbol "public: virtual void __thiscall Cantera::ThermoPhase::getdlnActCoeffdlnN(unsigned int,double * const)" (?getdlnActCoeffdlnN@ThermoPhase@Cantera@@UAEXIQAN@Z)
IEM_Windows.obj : error LNK2001: unresolved external symbol "public: virtual void __thiscall Cantera::ThermoPhase::getdlnActCoeffdlnN_numderiv(unsigned int,double * const)" (?getdlnActCoeffdlnN_numderiv@ThermoPhase@Cantera@@UAEXIQAN@Z)
IEM_Windows.obj : error LNK2001: unresolved external symbol "public: virtual class std::basic_string<char,struct std::char_traits<char>,class std::allocator<char> > __thiscall Cantera::ThermoPhase::report(bool,double)const " (?report@ThermoPhase@Cantera@@UBE?AV?$basic_string@DU?$char_traits@D@std@@V?$allocator@D@2@@std@@_NN@Z)
IEM_Windows.obj : error LNK2001: unresolved external symbol "public: virtual void __thiscall Cantera::ThermoPhase::reportCSV(class std::basic_ofstream<char,struct std::char_traits<char> > &)const " (?reportCSV@ThermoPhase@Cantera@@UBEXAAV?$basic_ofstream@DU?$char_traits@D@std@@@std@@@Z)
IEM_Windows.obj : error LNK2001: unresolved external symbol "protected: virtual void __thiscall Cantera::ThermoPhase::getCsvReportData(class std::vector<class std::basic_string<char,struct std::char_traits<char>,class std::allocator<char> >,class std::allocator<class std::basic_string<char,struct std::char_traits<char>,class std::allocator<char> > > > &,class std::vector<class std::vector<double,class std::allocator<double> >,class std::allocator<class std::vector<double,class std::allocator<double> > > > &)const " (?getCsvReportData@ThermoPhase@Cantera@@MBEXAAV?$vector@V?$basic_string@DU?$char_traits@D@std@@V?$allocator@D@2@@std@@V?$allocator@V?$basic_string@DU?$char_traits@D@std@@V?$allocator@D@2@@std@@@2@@std@@AAV?$vector@V?$vector@NV?$allocator@N@std@@@std@@V?$allocator@V?$vector@NV?$allocator@N@std@@@std@@@2@@4@@Z)
IEM_Windows.obj : error LNK2019: unresolved external symbol "public: __thiscall Cantera::IdealGasPhase::IdealGasPhase(void)" (??0IdealGasPhase@Cantera@@QAE@XZ) referenced in function "public: __thiscall Cantera::IdealGasMix::IdealGasMix(class std::basic_string<char,struct std::char_traits<char>,class std::allocator<char> > const &,class std::basic_string<char,struct std::char_traits<char>,class std::allocator<char> >)" (??0IdealGasMix@Cantera@@QAE@ABV?$basic_string@DU?$char_traits@D@std@@V?$allocator@D@2@@std@@V23@@Z)
IEM_Windows.obj : error LNK2001: unresolved external symbol "public: virtual class Cantera::ThermoPhase * __thiscall Cantera::IdealGasPhase::duplMyselfAsThermoPhase(void)const " (?duplMyselfAsThermoPhase@IdealGasPhase@Cantera@@UBEPAVThermoPhase@2@XZ)
IEM_Windows.obj : error LNK2001: unresolved external symbol "public: virtual double __thiscall Cantera::IdealGasPhase::entropy_mole(void)const " (?entropy_mole@IdealGasPhase@Cantera@@UBENXZ)
IEM_Windows.obj : error LNK2001: unresolved external symbol "public: virtual double __thiscall Cantera::IdealGasPhase::cp_mole(void)const " (?cp_mole@IdealGasPhase@Cantera@@UBENXZ)
IEM_Windows.obj : error LNK2001: unresolved external symbol "public: virtual double __thiscall Cantera::IdealGasPhase::cv_mole(void)const " (?cv_mole@IdealGasPhase@Cantera@@UBENXZ)
IEM_Windows.obj : error LNK2001: unresolved external symbol "public: virtual double __thiscall Cantera::IdealGasPhase::standardConcentration(unsigned int)const " (?standardConcentration@IdealGasPhase@Cantera@@UBENI@Z)
IEM_Windows.obj : error LNK2001: unresolved external symbol "public: virtual void __thiscall Cantera::IdealGasPhase::getActivityCoefficients(double *)const " (?getActivityCoefficients@IdealGasPhase@Cantera@@UBEXPAN@Z)
IEM_Windows.obj : error LNK2001: unresolved external symbol "public: virtual void __thiscall Cantera::IdealGasPhase::getChemPotentials(double *)const " (?getChemPotentials@IdealGasPhase@Cantera@@UBEXPAN@Z)
IEM_Windows.obj : error LNK2001: unresolved external symbol "public: virtual void __thiscall Cantera::IdealGasPhase::getPartialMolarEnthalpies(double *)const " (?getPartialMolarEnthalpies@IdealGasPhase@Cantera@@UBEXPAN@Z)
IEM_Windows.obj : error LNK2001: unresolved external symbol "public: virtual void __thiscall Cantera::IdealGasPhase::getPartialMolarEntropies(double *)const " (?getPartialMolarEntropies@IdealGasPhase@Cantera@@UBEXPAN@Z)
IEM_Windows.obj : error LNK2001: unresolved external symbol "public: virtual void __thiscall Cantera::IdealGasPhase::getPartialMolarIntEnergies(double *)const " (?getPartialMolarIntEnergies@IdealGasPhase@Cantera@@UBEXPAN@Z)
IEM_Windows.obj : error LNK2001: unresolved external symbol "public: virtual void __thiscall Cantera::IdealGasPhase::getPartialMolarCp(double *)const " (?getPartialMolarCp@IdealGasPhase@Cantera@@UBEXPAN@Z)
IEM_Windows.obj : error LNK2001: unresolved external symbol "public: virtual void __thiscall Cantera::IdealGasPhase::getPartialMolarVolumes(double *)const " (?getPartialMolarVolumes@IdealGasPhase@Cantera@@UBEXPAN@Z)
IEM_Windows.obj : error LNK2001: unresolved external symbol "public: virtual void __thiscall Cantera::IdealGasPhase::getStandardChemPotentials(double *)const " (?getStandardChemPotentials@IdealGasPhase@Cantera@@UBEXPAN@Z)
IEM_Windows.obj : error LNK2001: unresolved external symbol "public: virtual void __thiscall Cantera::IdealGasPhase::getEnthalpy_RT(double *)const " (?getEnthalpy_RT@IdealGasPhase@Cantera@@UBEXPAN@Z)
IEM_Windows.obj : error LNK2001: unresolved external symbol "public: virtual void __thiscall Cantera::IdealGasPhase::getEntropy_R(double *)const " (?getEntropy_R@IdealGasPhase@Cantera@@UBEXPAN@Z)
IEM_Windows.obj : error LNK2001: unresolved external symbol "public: virtual void __thiscall Cantera::IdealGasPhase::getGibbs_RT(double *)const " (?getGibbs_RT@IdealGasPhase@Cantera@@UBEXPAN@Z)
IEM_Windows.obj : error LNK2001: unresolved external symbol "public: virtual void __thiscall Cantera::IdealGasPhase::getPureGibbs(double *)const " (?getPureGibbs@IdealGasPhase@Cantera@@UBEXPAN@Z)
IEM_Windows.obj : error LNK2001: unresolved external symbol "public: virtual void __thiscall Cantera::IdealGasPhase::getIntEnergy_RT(double *)const " (?getIntEnergy_RT@IdealGasPhase@Cantera@@UBEXPAN@Z)
IEM_Windows.obj : error LNK2001: unresolved external symbol "public: virtual void __thiscall Cantera::IdealGasPhase::getCp_R(double *)const " (?getCp_R@IdealGasPhase@Cantera@@UBEXPAN@Z)
IEM_Windows.obj : error LNK2001: unresolved external symbol "public: virtual void __thiscall Cantera::IdealGasPhase::getStandardVolumes(double *)const " (?getStandardVolumes@IdealGasPhase@Cantera@@UBEXPAN@Z)
IEM_Windows.obj : error LNK2001: unresolved external symbol "public: virtual void __thiscall Cantera::IdealGasPhase::getEnthalpy_RT_ref(double *)const " (?getEnthalpy_RT_ref@IdealGasPhase@Cantera@@UBEXPAN@Z)
IEM_Windows.obj : error LNK2001: unresolved external symbol "public: virtual void __thiscall Cantera::IdealGasPhase::getGibbs_RT_ref(double *)const " (?getGibbs_RT_ref@IdealGasPhase@Cantera@@UBEXPAN@Z)
IEM_Windows.obj : error LNK2001: unresolved external symbol "public: virtual void __thiscall Cantera::IdealGasPhase::getGibbs_ref(double *)const " (?getGibbs_ref@IdealGasPhase@Cantera@@UBEXPAN@Z)
IEM_Windows.obj : error LNK2001: unresolved external symbol "public: virtual void __thiscall Cantera::IdealGasPhase::getEntropy_R_ref(double *)const " (?getEntropy_R_ref@IdealGasPhase@Cantera@@UBEXPAN@Z)
IEM_Windows.obj : error LNK2001: unresolved external symbol "public: virtual void __thiscall Cantera::IdealGasPhase::getIntEnergy_RT_ref(double *)const " (?getIntEnergy_RT_ref@IdealGasPhase@Cantera@@UBEXPAN@Z)
IEM_Windows.obj : error LNK2001: unresolved external symbol "public: virtual void __thiscall Cantera::IdealGasPhase::getCp_R_ref(double *)const " (?getCp_R_ref@IdealGasPhase@Cantera@@UBEXPAN@Z)
IEM_Windows.obj : error LNK2001: unresolved external symbol "public: virtual void __thiscall Cantera::IdealGasPhase::getStandardVolumes_ref(double *)const " (?getStandardVolumes_ref@IdealGasPhase@Cantera@@UBEXPAN@Z)
IEM_Windows.obj : error LNK2001: unresolved external symbol "public: virtual bool __thiscall Cantera::IdealGasPhase::addSpecies(class std::shared_ptr<class Cantera::Species>)" (?addSpecies@IdealGasPhase@Cantera@@UAE_NV?$shared_ptr@VSpecies@Cantera@@@std@@@Z)
IEM_Windows.obj : error LNK2001: unresolved external symbol "public: virtual void __thiscall Cantera::IdealGasPhase::setToEquilState(double const *)" (?setToEquilState@IdealGasPhase@Cantera@@UAEXPBN@Z)
IEM_Windows.obj : error LNK2019: unresolved external symbol "private: void __thiscall Cantera::IdealGasPhase::_updateThermo(void)const " (?_updateThermo@IdealGasPhase@Cantera@@ABEXXZ) referenced in function "public: class std::vector<double,class std::allocator<double> > const & __thiscall Cantera::IdealGasPhase::enthalpy_RT_ref(void)const " (?enthalpy_RT_ref@IdealGasPhase@Cantera@@QBEABV?$vector@NV?$allocator@N@std@@@std@@XZ)
IEM_Windows.obj : error LNK2019: unresolved external symbol "public: virtual __thiscall Cantera::Kinetics::~Kinetics(void)" (??1Kinetics@Cantera@@UAE@XZ) referenced in function "public: virtual __thiscall Cantera::BulkKinetics::~BulkKinetics(void)" (??1BulkKinetics@Cantera@@UAE@XZ)
IEM_Windows.obj : error LNK2001: unresolved external symbol "public: virtual void __thiscall Cantera::Kinetics::assignShallowPointers(class std::vector<class Cantera::ThermoPhase *,class std::allocator<class Cantera::ThermoPhase *> > const &)" (?assignShallowPointers@Kinetics@Cantera@@UAEXABV?$vector@PAVThermoPhase@Cantera@@V?$allocator@PAVThermoPhase@Cantera@@@std@@@std@@@Z)
IEM_Windows.obj : error LNK2001: unresolved external symbol "public: virtual void __thiscall Cantera::Kinetics::getFwdRatesOfProgress(double *)" (?getFwdRatesOfProgress@Kinetics@Cantera@@UAEXPAN@Z)
IEM_Windows.obj : error LNK2001: unresolved external symbol "public: virtual void __thiscall Cantera::Kinetics::getRevRatesOfProgress(double *)" (?getRevRatesOfProgress@Kinetics@Cantera@@UAEXPAN@Z)
IEM_Windows.obj : error LNK2001: unresolved external symbol "public: virtual void __thiscall Cantera::Kinetics::getNetRatesOfProgress(double *)" (?getNetRatesOfProgress@Kinetics@Cantera@@UAEXPAN@Z)
IEM_Windows.obj : error LNK2001: unresolved external symbol "public: virtual void __thiscall Cantera::Kinetics::getReactionDelta(double const *,double *)" (?getReactionDelta@Kinetics@Cantera@@UAEXPBNPAN@Z)
IEM_Windows.obj : error LNK2001: unresolved external symbol "public: virtual void __thiscall Cantera::Kinetics::getRevReactionDelta(double const *,double *)" (?getRevReactionDelta@Kinetics@Cantera@@UAEXPBNPAN@Z)
IEM_Windows.obj : error LNK2001: unresolved external symbol "public: virtual void __thiscall Cantera::Kinetics::getCreationRates(double *)" (?getCreationRates@Kinetics@Cantera@@UAEXPAN@Z)
IEM_Windows.obj : error LNK2001: unresolved external symbol "public: virtual void __thiscall Cantera::Kinetics::getDestructionRates(double *)" (?getDestructionRates@Kinetics@Cantera@@UAEXPAN@Z)
IEM_Windows.obj : error LNK2001: unresolved external symbol "public: virtual void __thiscall Cantera::Kinetics::getNetProductionRates(double *)" (?getNetProductionRates@Kinetics@Cantera@@UAEXPAN@Z)
IEM_Windows.obj : error LNK2001: unresolved external symbol "public: virtual double __thiscall Cantera::Kinetics::reactantStoichCoeff(unsigned int,unsigned int)const " (?reactantStoichCoeff@Kinetics@Cantera@@UBENII@Z)
IEM_Windows.obj : error LNK2001: unresolved external symbol "public: virtual double __thiscall Cantera::Kinetics::productStoichCoeff(unsigned int,unsigned int)const " (?productStoichCoeff@Kinetics@Cantera@@UBENII@Z)
IEM_Windows.obj : error LNK2001: unresolved external symbol "public: virtual void __thiscall Cantera::Kinetics::addPhase(class Cantera::ThermoPhase &)" (?addPhase@Kinetics@Cantera@@UAEXAAVThermoPhase@2@@Z)
IEM_Windows.obj : error LNK2001: unresolved external symbol "public: virtual void __thiscall Cantera::Kinetics::finalize(void)" (?finalize@Kinetics@Cantera@@UAEXXZ)
IEM_Windows.obj : error LNK2001: unresolved external symbol "public: virtual struct std::pair<unsigned int,unsigned int> __thiscall Cantera::Kinetics::checkDuplicates(bool)const " (?checkDuplicates@Kinetics@Cantera@@UBE?AU?$pair@II@std@@_N@Z)
IEM_Windows.obj : error LNK2001: unresolved external symbol "public: virtual bool __thiscall Cantera::BulkKinetics::isReversible(unsigned int)" (?isReversible@BulkKinetics@Cantera@@UAE_NI@Z)
IEM_Windows.obj : error LNK2001: unresolved external symbol "public: virtual void __thiscall Cantera::BulkKinetics::getDeltaGibbs(double *)" (?getDeltaGibbs@BulkKinetics@Cantera@@UAEXPAN@Z)
IEM_Windows.obj : error LNK2001: unresolved external symbol "public: virtual void __thiscall Cantera::BulkKinetics::getDeltaEnthalpy(double *)" (?getDeltaEnthalpy@BulkKinetics@Cantera@@UAEXPAN@Z)
IEM_Windows.obj : error LNK2001: unresolved external symbol "public: virtual void __thiscall Cantera::BulkKinetics::getDeltaEntropy(double *)" (?getDeltaEntropy@BulkKinetics@Cantera@@UAEXPAN@Z)
IEM_Windows.obj : error LNK2001: unresolved external symbol "public: virtual void __thiscall Cantera::BulkKinetics::getDeltaSSGibbs(double *)" (?getDeltaSSGibbs@BulkKinetics@Cantera@@UAEXPAN@Z)
IEM_Windows.obj : error LNK2001: unresolved external symbol "public: virtual void __thiscall Cantera::BulkKinetics::getDeltaSSEnthalpy(double *)" (?getDeltaSSEnthalpy@BulkKinetics@Cantera@@UAEXPAN@Z)
IEM_Windows.obj : error LNK2001: unresolved external symbol "public: virtual void __thiscall Cantera::BulkKinetics::getDeltaSSEntropy(double *)" (?getDeltaSSEntropy@BulkKinetics@Cantera@@UAEXPAN@Z)
IEM_Windows.obj : error LNK2001: unresolved external symbol "public: virtual void __thiscall Cantera::BulkKinetics::getRevRateConstants(double *,bool)" (?getRevRateConstants@BulkKinetics@Cantera@@UAEXPAN_N@Z)
IEM_Windows.obj : error LNK2001: unresolved external symbol "public: virtual void __thiscall Cantera::BulkKinetics::resizeSpecies(void)" (?resizeSpecies@BulkKinetics@Cantera@@UAEXXZ)
IEM_Windows.obj : error LNK2001: unresolved external symbol "public: virtual void __thiscall Cantera::BulkKinetics::setMultiplier(unsigned int,double)" (?setMultiplier@BulkKinetics@Cantera@@UAEXIN@Z)
IEM_Windows.obj : error LNK2001: unresolved external symbol "protected: virtual void __thiscall Cantera::BulkKinetics::addElementaryReaction(class Cantera::ElementaryReaction &)" (?addElementaryReaction@BulkKinetics@Cantera@@MAEXAAVElementaryReaction@2@@Z)
IEM_Windows.obj : error LNK2001: unresolved external symbol "protected: virtual void __thiscall Cantera::BulkKinetics::modifyElementaryReaction(unsigned int,class Cantera::ElementaryReaction &)" (?modifyElementaryReaction@BulkKinetics@Cantera@@MAEXIAAVElementaryReaction@2@@Z)
IEM_Windows.obj : error LNK2019: unresolved external symbol "public: __thiscall Cantera::GasKinetics::GasKinetics(class Cantera::ThermoPhase *)" (??0GasKinetics@Cantera@@QAE@PAVThermoPhase@1@@Z) referenced in function "public: __thiscall Cantera::IdealGasMix::IdealGasMix(class std::basic_string<char,struct std::char_traits<char>,class std::allocator<char> > const &,class std::basic_string<char,struct std::char_traits<char>,class std::allocator<char> >)" (??0IdealGasMix@Cantera@@QAE@ABV?$basic_string@DU?$char_traits@D@std@@V?$allocator@D@2@@std@@V23@@Z)
IEM_Windows.obj : error LNK2001: unresolved external symbol "public: virtual class Cantera::Kinetics * __thiscall Cantera::GasKinetics::duplMyselfAsKinetics(class std::vector<class Cantera::ThermoPhase *,class std::allocator<class Cantera::ThermoPhase *> > const &)const " (?duplMyselfAsKinetics@GasKinetics@Cantera@@UBEPAVKinetics@2@ABV?$vector@PAVThermoPhase@Cantera@@V?$allocator@PAVThermoPhase@Cantera@@@std@@@std@@@Z)
IEM_Windows.obj : error LNK2001: unresolved external symbol "public: virtual void __thiscall Cantera::GasKinetics::getEquilibriumConstants(double *)" (?getEquilibriumConstants@GasKinetics@Cantera@@UAEXPAN@Z)
IEM_Windows.obj : error LNK2001: unresolved external symbol "public: virtual void __thiscall Cantera::GasKinetics::getFwdRateConstants(double *)" (?getFwdRateConstants@GasKinetics@Cantera@@UAEXPAN@Z)
IEM_Windows.obj : error LNK2001: unresolved external symbol "public: virtual void __thiscall Cantera::GasKinetics::init(void)" (?init@GasKinetics@Cantera@@UAEXXZ)
IEM_Windows.obj : error LNK2001: unresolved external symbol "public: virtual bool __thiscall Cantera::GasKinetics::addReaction(class std::shared_ptr<class Cantera::Reaction>)" (?addReaction@GasKinetics@Cantera@@UAE_NV?$shared_ptr@VReaction@Cantera@@@std@@@Z)
IEM_Windows.obj : error LNK2001: unresolved external symbol "public: virtual void __thiscall Cantera::GasKinetics::modifyReaction(unsigned int,class std::shared_ptr<class Cantera::Reaction>)" (?modifyReaction@GasKinetics@Cantera@@UAEXIV?$shared_ptr@VReaction@Cantera@@@std@@@Z)
IEM_Windows.obj : error LNK2001: unresolved external symbol "public: virtual void __thiscall Cantera::GasKinetics::invalidateCache(void)" (?invalidateCache@GasKinetics@Cantera@@UAEXXZ)
IEM_Windows.obj : error LNK2001: unresolved external symbol "public: virtual void __thiscall Cantera::GasKinetics::updateROP(void)" (?updateROP@GasKinetics@Cantera@@UAEXXZ)
IEM_Windows.obj : error LNK2001: unresolved external symbol "public: virtual void __thiscall Cantera::GasKinetics::update_rates_T(void)" (?update_rates_T@GasKinetics@Cantera@@UAEXXZ)
IEM_Windows.obj : error LNK2001: unresolved external symbol "public: virtual void __thiscall Cantera::GasKinetics::update_rates_C(void)" (?update_rates_C@GasKinetics@Cantera@@UAEXXZ)
IEM_Windows.obj : error LNK2019: unresolved external symbol "bool __cdecl Cantera::buildSolutionFromXML(class Cantera::XML_Node &,class std::basic_string<char,struct std::char_traits<char>,class std::allocator<char> > const &,class std::basic_string<char,struct std::char_traits<char>,class std::allocator<char> > const &,class Cantera::ThermoPhase *,class Cantera::Kinetics *)" (?buildSolutionFromXML@Cantera@@YA_NAAVXML_Node@1@ABV?$basic_string@DU?$char_traits@D@std@@V?$allocator@D@2@@std@@1PAVThermoPhase@1@PAVKinetics@1@@Z) referenced in function "public: __thiscall Cantera::IdealGasMix::IdealGasMix(class std::basic_string<char,struct std::char_traits<char>,class std::allocator<char> > const &,class std::basic_string<char,struct std::char_traits<char>,class std::allocator<char> >)" (??0IdealGasMix@Cantera@@QAE@ABV?$basic_string@DU?$char_traits@D@std@@V?$allocator@D@2@@std@@V23@@Z)
IEM_Windows.obj : error LNK2019: unresolved external symbol "public: static int __cdecl fmt::internal::CharTraits<char>::format_float<long double>(char *,unsigned int,char const *,unsigned int,int,long double)" (??$format_float@O@?$CharTraits@D@internal@fmt@@SAHPADIPBDIHO@Z) referenced in function "private: void __thiscall fmt::BasicWriter<char>::write_double<long double>(long double,struct fmt::FormatSpec const &)" (??$write_double@O@?$BasicWriter@D@fmt@@AAEXOABUFormatSpec@1@@Z)
IEM_Windows.obj : error LNK2019: unresolved external symbol "public: static int __cdecl fmt::internal::CharTraits<char>::format_float<double>(char *,unsigned int,char const *,unsigned int,int,double)" (??$format_float@N@?$CharTraits@D@internal@fmt@@SAHPADIPBDIHN@Z) referenced in function "private: void __thiscall fmt::BasicWriter<char>::write_double<double>(double,struct fmt::FormatSpec const &)" (??$write_double@N@?$BasicWriter@D@fmt@@AAEXNABUFormatSpec@1@@Z)
IEM_Windows.obj : error LNK2001: unresolved external symbol "public: static unsigned int const * const fmt::internal::BasicData<void>::POWERS_OF_10_32" (?POWERS_OF_10_32@?$BasicData@X@internal@fmt@@2QBIB)
IEM_Windows.obj : error LNK2001: unresolved external symbol "public: static unsigned __int64 const * const fmt::internal::BasicData<void>::POWERS_OF_10_64" (?POWERS_OF_10_64@?$BasicData@X@internal@fmt@@2QB_KB)
IEM_Windows.obj : error LNK2001: unresolved external symbol "public: static char const * const fmt::internal::BasicData<void>::DIGITS" (?DIGITS@?$BasicData@X@internal@fmt@@2QBDB)
C:\Users\edwin\Dropbox (GaTech)\BatchPaSR\IEM\IEM_Windows\Debug\IEM_Windows.exe : fatal error LNK1120: 136 unresolved externals
